2018-05-04 20:25:20.098  INFO 10184 --- [main] c.makotojava.learn.hellospringboot.App   : Starting App on woyoubupang with PID 10184 (started by Liang in C:\Program Files\JavaDevelop\eclipseSpace\HelloSpringBoot)
2018-05-04 20:25:20.102 DEBUG 10184 --- [main] c.makotojava.learn.hellospringboot.App   : Running with Spring Boot v1.5.2.RELEASE, Spring v4.3.7.RELEASE
2018-05-04 20:25:20.102  INFO 10184 --- [main] c.makotojava.learn.hellospringboot.App   : No active profile set, falling back to default profiles: default
2018-05-04 20:25:20.172  INFO 10184 --- [main] ationConfigEmbeddedWebApplicationContext : Refreshing org.springframework.boot.context.embedded.AnnotationConfigEmbeddedWebApplicationContext@1acb0d1: startup date [Fri May 04 20:25:20 CST 2018]; root of context hierarchy
2018-05-04 20:25:21.475  INFO 10184 --- [main] org.eclipse.jetty.util.log               : Logging initialized @2379ms to org.eclipse.jetty.util.log.Slf4jLog
2018-05-04 20:25:21.763  INFO 10184 --- [main] e.j.JettyEmbeddedServletContainerFactory : Server initialized with port: 8080
2018-05-04 20:25:21.765  INFO 10184 --- [main] org.eclipse.jetty.server.Server          : jetty-9.4.2.v20170220
2018-05-04 20:25:21.880  INFO 10184 --- [main] org.eclipse.jetty.server.session         : DefaultSessionIdManager workerName=node0
2018-05-04 20:25:21.880  INFO 10184 --- [main] org.eclipse.jetty.server.session         : No SessionScavenger set, using defaults
2018-05-04 20:25:21.883  INFO 10184 --- [main] org.eclipse.jetty.server.session         : Scavenging every 600000ms
2018-05-04 20:25:21.889  INFO 10184 --- [main] o.e.jetty.ContextHandler.application     : Initializing Spring embedded WebApplicationContext
2018-05-04 20:25:21.889  INFO 10184 --- [main] o.s.web.context.ContextLoader            : Root WebApplicationContext: initialization completed in 1721 ms
2018-05-04 20:25:22.049  INFO 10184 --- [main] o.s.b.w.servlet.ServletRegistrationBean  : Mapping servlet: 'dispatcherServlet' to [/]
2018-05-04 20:25:22.052  INFO 10184 --- [main] o.s.b.w.servlet.FilterRegistrationBean   : Mapping filter: 'characterEncodingFilter' to: [/*]
2018-05-04 20:25:22.052  INFO 10184 --- [main] o.s.b.w.servlet.FilterRegistrationBean   : Mapping filter: 'hiddenHttpMethodFilter' to: [/*]
2018-05-04 20:25:22.052  INFO 10184 --- [main] o.s.b.w.servlet.FilterRegistrationBean   : Mapping filter: 'httpPutFormContentFilter' to: [/*]
2018-05-04 20:25:22.052  INFO 10184 --- [main] o.s.b.w.servlet.FilterRegistrationBean   : Mapping filter: 'requestContextFilter' to: [/*]
2018-05-04 20:25:22.322  INFO 10184 --- [main] o.e.jetty.server.handler.ContextHandler  : Started o.s.b.c.e.j.JettyEmbeddedWebAppContext@65f0c{/,[file:///C:/Users/%E6%88%91%E5%8F%88%E4%B8%8D%E8%83%96/AppData/Local/Temp/jetty-docbase.6605704313671557523.8080/],AVAILABLE}
2018-05-04 20:25:22.323  INFO 10184 --- [main] org.eclipse.jetty.server.Server          : Started @3228ms
2018-05-04 20:25:22.669  INFO 10184 --- [main] s.w.s.m.m.a.RequestMappingHandlerAdapter : Looking for @ControllerAdvice: org.springframework.boot.context.embedded.AnnotationConfigEmbeddedWebApplicationContext@1acb0d1: startup date [Fri May 04 20:25:20 CST 2018]; root of context hierarchy
2018-05-04 20:25:22.742  INFO 10184 --- [main] s.w.s.m.m.a.RequestMappingHandlerMapping : Mapped "{[/hello]}" onto public java.lang.String com.makotojava.learn.hellospringboot.HelloRestController.hello()
2018-05-04 20:25:22.743  INFO 10184 --- [main] s.w.s.m.m.a.RequestMappingHandlerMapping : Mapped "{[/hello2]}" onto public java.util.Set<java.lang.String> com.makotojava.learn.hellospringboot.HelloRestController.hello2()
2018-05-04 20:25:22.747  INFO 10184 --- [main] s.w.s.m.m.a.RequestMappingHandlerMapping : Mapped "{[/error]}" onto public org.springframework.http.ResponseEntity<java.util.Map<java.lang.String, java.lang.Object>> org.springframework.boot.autoconfigure.web.BasicErrorController.error(javax.servlet.http.HttpServletRequest)
2018-05-04 20:25:22.747  INFO 10184 --- [main] s.w.s.m.m.a.RequestMappingHandlerMapping : Mapped "{[/error],produces=[text/html]}" onto public org.springframework.web.servlet.ModelAndView org.springframework.boot.autoconfigure.web.BasicErrorController.errorHtml(javax.servlet.http.HttpServletRequest,javax.servlet.http.HttpServletResponse)
2018-05-04 20:25:22.786  INFO 10184 --- [main] o.s.w.s.handler.SimpleUrlHandlerMapping  : Mapped URL path [/webjars/**] onto handler of type [class org.springframework.web.servlet.resource.ResourceHttpRequestHandler]
2018-05-04 20:25:22.786  INFO 10184 --- [main] o.s.w.s.handler.SimpleUrlHandlerMapping  : Mapped URL path [/**] onto handler of type [class org.springframework.web.servlet.resource.ResourceHttpRequestHandler]
2018-05-04 20:25:22.830  INFO 10184 --- [main] o.s.w.s.handler.SimpleUrlHandlerMapping  : Mapped URL path [/**/favicon.ico] onto handler of type [class org.springframework.web.servlet.resource.ResourceHttpRequestHandler]
2018-05-04 20:25:23.042  INFO 10184 --- [main] o.s.j.e.a.AnnotationMBeanExporter        : Registering beans for JMX exposure on startup
2018-05-04 20:25:23.062  INFO 10184 --- [main] o.e.jetty.ContextHandler.application     : Initializing Spring FrameworkServlet 'dispatcherServlet'
2018-05-04 20:25:23.062  INFO 10184 --- [main] o.s.web.servlet.DispatcherServlet        : FrameworkServlet 'dispatcherServlet': initialization started
2018-05-04 20:25:23.078  INFO 10184 --- [main] o.s.web.servlet.DispatcherServlet        : FrameworkServlet 'dispatcherServlet': initialization completed in 16 ms
2018-05-04 20:25:23.097  INFO 10184 --- [main] o.e.jetty.server.AbstractConnector       : Started ServerConnector@194e8d{HTTP/1.1,[http/1.1]}{0.0.0.0:8080}
2018-05-04 20:25:23.097  INFO 10184 --- [main] .s.b.c.e.j.JettyEmbeddedServletContainer : Jetty started on port(s) 8080 (http/1.1)
2018-05-04 20:25:23.100 DEBUG 10184 --- [main] c.makotojava.learn.hellospringboot.App   : Let's inspect the beans provided by Spring Boot:
2018-05-04 20:25:23.100 DEBUG 10184 --- [main] c.makotojava.learn.hellospringboot.App   : app
2018-05-04 20:25:23.100 DEBUG 10184 --- [main] c.makotojava.learn.hellospringboot.App   : basicErrorController
2018-05-04 20:25:23.101 DEBUG 10184 --- [main] c.makotojava.learn.hellospringboot.App   : beanNameHandlerMapping
2018-05-04 20:25:23.101 DEBUG 10184 --- [main] c.makotojava.learn.hellospringboot.App   : beanNameViewResolver
2018-05-04 20:25:23.101 DEBUG 10184 --- [main] c.makotojava.learn.hellospringboot.App   : characterEncodingFilter
2018-05-04 20:25:23.101 DEBUG 10184 --- [main] c.makotojava.learn.hellospringboot.App   : commandLineRunner
2018-05-04 20:25:23.101 DEBUG 10184 --- [main] c.makotojava.learn.hellospringboot.App   : conventionErrorViewResolver
2018-05-04 20:25:23.101 DEBUG 10184 --- [main] c.makotojava.learn.hellospringboot.App   : defaultServletHandlerMapping
2018-05-04 20:25:23.101 DEBUG 10184 --- [main] c.makotojava.learn.hellospringboot.App   : defaultViewResolver
2018-05-04 20:25:23.101 DEBUG 10184 --- [main] c.makotojava.learn.hellospringboot.App   : dispatcherServlet
2018-05-04 20:25:23.101 DEBUG 10184 --- [main] c.makotojava.learn.hellospringboot.App   : dispatcherServletRegistration
2018-05-04 20:25:23.101 DEBUG 10184 --- [main] c.makotojava.learn.hellospringboot.App   : duplicateServerPropertiesDetector
2018-05-04 20:25:23.101 DEBUG 10184 --- [main] c.makotojava.learn.hellospringboot.App   : embeddedServletContainerCustomizerBeanPostProcessor
2018-05-04 20:25:23.101 DEBUG 10184 --- [main] c.makotojava.learn.hellospringboot.App   : error
2018-05-04 20:25:23.102 DEBUG 10184 --- [main] c.makotojava.learn.hellospringboot.App   : errorAttributes
2018-05-04 20:25:23.102 DEBUG 10184 --- [main] c.makotojava.learn.hellospringboot.App   : errorPageCustomizer
2018-05-04 20:25:23.102 DEBUG 10184 --- [main] c.makotojava.learn.hellospringboot.App   : errorPageRegistrarBeanPostProcessor
2018-05-04 20:25:23.102 DEBUG 10184 --- [main] c.makotojava.learn.hellospringboot.App   : faviconHandlerMapping
2018-05-04 20:25:23.102 DEBUG 10184 --- [main] c.makotojava.learn.hellospringboot.App   : faviconRequestHandler
2018-05-04 20:25:23.102 DEBUG 10184 --- [main] c.makotojava.learn.hellospringboot.App   : handlerExceptionResolver
2018-05-04 20:25:23.102 DEBUG 10184 --- [main] c.makotojava.learn.hellospringboot.App   : helloRestController
2018-05-04 20:25:23.102 DEBUG 10184 --- [main] c.makotojava.learn.hellospringboot.App   : hiddenHttpMethodFilter
2018-05-04 20:25:23.102 DEBUG 10184 --- [main] c.makotojava.learn.hellospringboot.App   : httpPutFormContentFilter
2018-05-04 20:25:23.102 DEBUG 10184 --- [main] c.makotojava.learn.hellospringboot.App   : httpRequestHandlerAdapter
2018-05-04 20:25:23.103 DEBUG 10184 --- [main] c.makotojava.learn.hellospringboot.App   : jacksonObjectMapper
2018-05-04 20:25:23.103 DEBUG 10184 --- [main] c.makotojava.learn.hellospringboot.App   : jacksonObjectMapperBuilder
2018-05-04 20:25:23.103 DEBUG 10184 --- [main] c.makotojava.learn.hellospringboot.App   : jettyEmbeddedServletContainerFactory
2018-05-04 20:25:23.103 DEBUG 10184 --- [main] c.makotojava.learn.hellospringboot.App   : jsonComponentModule
2018-05-04 20:25:23.103 DEBUG 10184 --- [main] c.makotojava.learn.hellospringboot.App   : jsr303Validator
2018-05-04 20:25:23.103 DEBUG 10184 --- [main] c.makotojava.learn.hellospringboot.App   : localeCharsetMappingsCustomizer
2018-05-04 20:25:23.103 DEBUG 10184 --- [main] c.makotojava.learn.hellospringboot.App   : mappingJackson2HttpMessageConverter
2018-05-04 20:25:23.103 DEBUG 10184 --- [main] c.makotojava.learn.hellospringboot.App   : mbeanExporter
2018-05-04 20:25:23.103 DEBUG 10184 --- [main] c.makotojava.learn.hellospringboot.App   : mbeanServer
2018-05-04 20:25:23.107 DEBUG 10184 --- [main] c.makotojava.learn.hellospringboot.App   : messageConverters
2018-05-04 20:25:23.107 DEBUG 10184 --- [main] c.makotojava.learn.hellospringboot.App   : methodValidationPostProcessor
2018-05-04 20:25:23.107 DEBUG 10184 --- [main] c.makotojava.learn.hellospringboot.App   : multipartConfigElement
2018-05-04 20:25:23.107 DEBUG 10184 --- [main] c.makotojava.learn.hellospringboot.App   : multipartResolver
2018-05-04 20:25:23.107 DEBUG 10184 --- [main] c.makotojava.learn.hellospringboot.App   : mvcContentNegotiationManager
2018-05-04 20:25:23.107 DEBUG 10184 --- [main] c.makotojava.learn.hellospringboot.App   : mvcConversionService
2018-05-04 20:25:23.108 DEBUG 10184 --- [main] c.makotojava.learn.hellospringboot.App   : mvcPathMatcher
2018-05-04 20:25:23.108 DEBUG 10184 --- [main] c.makotojava.learn.hellospringboot.App   : mvcResourceUrlProvider
2018-05-04 20:25:23.108 DEBUG 10184 --- [main] c.makotojava.learn.hellospringboot.App   : mvcUriComponentsContributor
2018-05-04 20:25:23.108 DEBUG 10184 --- [main] c.makotojava.learn.hellospringboot.App   : mvcUrlPathHelper
2018-05-04 20:25:23.108 DEBUG 10184 --- [main] c.makotojava.learn.hellospringboot.App   : mvcValidator
2018-05-04 20:25:23.108 DEBUG 10184 --- [main] c.makotojava.learn.hellospringboot.App   : mvcViewResolver
2018-05-04 20:25:23.108 DEBUG 10184 --- [main] c.makotojava.learn.hellospringboot.App   : myAspectJ
2018-05-04 20:25:23.108 DEBUG 10184 --- [main] c.makotojava.learn.hellospringboot.App   : objectNamingStrategy
2018-05-04 20:25:23.108 DEBUG 10184 --- [main] c.makotojava.learn.hellospringboot.App   : org.springframework.aop.config.internalAutoProxyCreator
2018-05-04 20:25:23.108 DEBUG 10184 --- [main] c.makotojava.learn.hellospringboot.App   : org.springframework.boot.autoconfigure.AutoConfigurationPackages
2018-05-04 20:25:23.109 DEBUG 10184 --- [main] c.makotojava.learn.hellospringboot.App   : org.springframework.boot.autoconfigure.aop.AopAutoConfiguration
2018-05-04 20:25:23.109 DEBUG 10184 --- [main] c.makotojava.learn.hellospringboot.App   : org.springframework.boot.autoconfigure.aop.AopAutoConfiguration$JdkDynamicAutoProxyConfiguration
2018-05-04 20:25:23.109 DEBUG 10184 --- [main] c.makotojava.learn.hellospringboot.App   : org.springframework.boot.autoconfigure.condition.BeanTypeRegistry
2018-05-04 20:25:23.109 DEBUG 10184 --- [main] c.makotojava.learn.hellospringboot.App   : org.springframework.boot.autoconfigure.context.ConfigurationPropertiesAutoConfiguration
2018-05-04 20:25:23.109 DEBUG 10184 --- [main] c.makotojava.learn.hellospringboot.App   : org.springframework.boot.autoconfigure.context.PropertyPlaceholderAutoConfiguration
2018-05-04 20:25:23.109 DEBUG 10184 --- [main] c.makotojava.learn.hellospringboot.App   : org.springframework.boot.autoconfigure.info.ProjectInfoAutoConfiguration
2018-05-04 20:25:23.109 DEBUG 10184 --- [main] c.makotojava.learn.hellospringboot.App   : org.springframework.boot.autoconfigure.internalCachingMetadataReaderFactory
2018-05-04 20:25:23.109 DEBUG 10184 --- [main] c.makotojava.learn.hellospringboot.App   : org.springframework.boot.autoconfigure.jackson.JacksonAutoConfiguration
2018-05-04 20:25:23.109 DEBUG 10184 --- [main] c.makotojava.learn.hellospringboot.App   : org.springframework.boot.autoconfigure.jackson.JacksonAutoConfiguration$Jackson2ObjectMapperBuilderCustomizerConfiguration
2018-05-04 20:25:23.110 DEBUG 10184 --- [main] c.makotojava.learn.hellospringboot.App   : org.springframework.boot.autoconfigure.jackson.JacksonAutoConfiguration$JacksonObjectMapperBuilderConfiguration
2018-05-04 20:25:23.110 DEBUG 10184 --- [main] c.makotojava.learn.hellospringboot.App   : org.springframework.boot.autoconfigure.jackson.JacksonAutoConfiguration$JacksonObjectMapperConfiguration
2018-05-04 20:25:23.110 DEBUG 10184 --- [main] c.makotojava.learn.hellospringboot.App   : org.springframework.boot.autoconfigure.jmx.JmxAutoConfiguration
2018-05-04 20:25:23.110 DEBUG 10184 --- [main] c.makotojava.learn.hellospringboot.App   : org.springframework.boot.autoconfigure.validation.ValidationAutoConfiguration
2018-05-04 20:25:23.110 DEBUG 10184 --- [main] c.makotojava.learn.hellospringboot.App   : org.springframework.boot.autoconfigure.web.DispatcherServletAutoConfiguration
2018-05-04 20:25:23.110 DEBUG 10184 --- [main] c.makotojava.learn.hellospringboot.App   : org.springframework.boot.autoconfigure.web.DispatcherServletAutoConfiguration$DispatcherServletConfiguration
2018-05-04 20:25:23.111 DEBUG 10184 --- [main] c.makotojava.learn.hellospringboot.App   : org.springframework.boot.autoconfigure.web.DispatcherServletAutoConfiguration$DispatcherServletRegistrationConfiguration
2018-05-04 20:25:23.111 DEBUG 10184 --- [main] c.makotojava.learn.hellospringboot.App   : org.springframework.boot.autoconfigure.web.EmbeddedServletContainerAutoConfiguration
2018-05-04 20:25:23.111 DEBUG 10184 --- [main] c.makotojava.learn.hellospringboot.App   : org.springframework.boot.autoconfigure.web.EmbeddedServletContainerAutoConfiguration$EmbeddedJetty
2018-05-04 20:25:23.111 DEBUG 10184 --- [main] c.makotojava.learn.hellospringboot.App   : org.springframework.boot.autoconfigure.web.ErrorMvcAutoConfiguration
2018-05-04 20:25:23.111 DEBUG 10184 --- [main] c.makotojava.learn.hellospringboot.App   : org.springframework.boot.autoconfigure.web.ErrorMvcAutoConfiguration$DefaultErrorViewResolverConfiguration
2018-05-04 20:25:23.111 DEBUG 10184 --- [main] c.makotojava.learn.hellospringboot.App   : org.springframework.boot.autoconfigure.web.ErrorMvcAutoConfiguration$WhitelabelErrorViewConfiguration
2018-05-04 20:25:23.111 DEBUG 10184 --- [main] c.makotojava.learn.hellospringboot.App   : org.springframework.boot.autoconfigure.web.HttpEncodingAutoConfiguration
2018-05-04 20:25:23.111 DEBUG 10184 --- [main] c.makotojava.learn.hellospringboot.App   : org.springframework.boot.autoconfigure.web.HttpMessageConvertersAutoConfiguration
2018-05-04 20:25:23.111 DEBUG 10184 --- [main] c.makotojava.learn.hellospringboot.App   : org.springframework.boot.autoconfigure.web.HttpMessageConvertersAutoConfiguration$StringHttpMessageConverterConfiguration
2018-05-04 20:25:23.112 DEBUG 10184 --- [main] c.makotojava.learn.hellospringboot.App   : org.springframework.boot.autoconfigure.web.JacksonHttpMessageConvertersConfiguration
2018-05-04 20:25:23.113 DEBUG 10184 --- [main] c.makotojava.learn.hellospringboot.App   : org.springframework.boot.autoconfigure.web.JacksonHttpMessageConvertersConfiguration$MappingJackson2HttpMessageConverterConfiguration
2018-05-04 20:25:23.113 DEBUG 10184 --- [main] c.makotojava.learn.hellospringboot.App   : org.springframework.boot.autoconfigure.web.MultipartAutoConfiguration
2018-05-04 20:25:23.113 DEBUG 10184 --- [main] c.makotojava.learn.hellospringboot.App   : org.springframework.boot.autoconfigure.web.ServerPropertiesAutoConfiguration
2018-05-04 20:25:23.113 DEBUG 10184 --- [main] c.makotojava.learn.hellospringboot.App   : org.springframework.boot.autoconfigure.web.WebClientAutoConfiguration
2018-05-04 20:25:23.113 DEBUG 10184 --- [main] c.makotojava.learn.hellospringboot.App   : org.springframework.boot.autoconfigure.web.WebClientAutoConfiguration$RestTemplateConfiguration
2018-05-04 20:25:23.113 DEBUG 10184 --- [main] c.makotojava.learn.hellospringboot.App   : org.springframework.boot.autoconfigure.web.WebMvcAutoConfiguration
2018-05-04 20:25:23.113 DEBUG 10184 --- [main] c.makotojava.learn.hellospringboot.App   : org.springframework.boot.autoconfigure.web.WebMvcAutoConfiguration$EnableWebMvcConfiguration
2018-05-04 20:25:23.113 DEBUG 10184 --- [main] c.makotojava.learn.hellospringboot.App   : org.springframework.boot.autoconfigure.web.WebMvcAutoConfiguration$WebMvcAutoConfigurationAdapter
2018-05-04 20:25:23.114 DEBUG 10184 --- [main] c.makotojava.learn.hellospringboot.App   : org.springframework.boot.autoconfigure.web.WebMvcAutoConfiguration$WebMvcAutoConfigurationAdapter$FaviconConfiguration
2018-05-04 20:25:23.114 DEBUG 10184 --- [main] c.makotojava.learn.hellospringboot.App   : org.springframework.boot.autoconfigure.websocket.WebSocketAutoConfiguration
2018-05-04 20:25:23.114 DEBUG 10184 --- [main] c.makotojava.learn.hellospringboot.App   : org.springframework.boot.autoconfigure.websocket.WebSocketAutoConfiguration$JettyWebSocketConfiguration
2018-05-04 20:25:23.114 DEBUG 10184 --- [main] c.makotojava.learn.hellospringboot.App   : org.springframework.boot.context.properties.ConfigurationPropertiesBindingPostProcessor
2018-05-04 20:25:23.114 DEBUG 10184 --- [main] c.makotojava.learn.hellospringboot.App   : org.springframework.boot.context.properties.ConfigurationPropertiesBindingPostProcessor.store
2018-05-04 20:25:23.114 DEBUG 10184 --- [main] c.makotojava.learn.hellospringboot.App   : org.springframework.context.annotation.internalAutowiredAnnotationProcessor
2018-05-04 20:25:23.114 DEBUG 10184 --- [main] c.makotojava.learn.hellospringboot.App   : org.springframework.context.annotation.internalCommonAnnotationProcessor
2018-05-04 20:25:23.114 DEBUG 10184 --- [main] c.makotojava.learn.hellospringboot.App   : org.springframework.context.annotation.internalConfigurationAnnotationProcessor
2018-05-04 20:25:23.114 DEBUG 10184 --- [main] c.makotojava.learn.hellospringboot.App   : org.springframework.context.annotation.internalRequiredAnnotationProcessor
2018-05-04 20:25:23.114 DEBUG 10184 --- [main] c.makotojava.learn.hellospringboot.App   : org.springframework.context.event.internalEventListenerFactory
2018-05-04 20:25:23.114 DEBUG 10184 --- [main] c.makotojava.learn.hellospringboot.App   : org.springframework.context.event.internalEventListenerProcessor
2018-05-04 20:25:23.114 DEBUG 10184 --- [main] c.makotojava.learn.hellospringboot.App   : preserveErrorControllerTargetClassPostProcessor
2018-05-04 20:25:23.115 DEBUG 10184 --- [main] c.makotojava.learn.hellospringboot.App   : propertySourcesPlaceholderConfigurer
2018-05-04 20:25:23.115 DEBUG 10184 --- [main] c.makotojava.learn.hellospringboot.App   : requestContextFilter
2018-05-04 20:25:23.115 DEBUG 10184 --- [main] c.makotojava.learn.hellospringboot.App   : requestMappingHandlerAdapter
2018-05-04 20:25:23.115 DEBUG 10184 --- [main] c.makotojava.learn.hellospringboot.App   : requestMappingHandlerMapping
2018-05-04 20:25:23.115 DEBUG 10184 --- [main] c.makotojava.learn.hellospringboot.App   : resourceHandlerMapping
2018-05-04 20:25:23.115 DEBUG 10184 --- [main] c.makotojava.learn.hellospringboot.App   : restTemplateBuilder
2018-05-04 20:25:23.115 DEBUG 10184 --- [main] c.makotojava.learn.hellospringboot.App   : serverProperties
2018-05-04 20:25:23.115 DEBUG 10184 --- [main] c.makotojava.learn.hellospringboot.App   : simpleControllerHandlerAdapter
2018-05-04 20:25:23.115 DEBUG 10184 --- [main] c.makotojava.learn.hellospringboot.App   : spring.http.encoding-org.springframework.boot.autoconfigure.web.HttpEncodingProperties
2018-05-04 20:25:23.115 DEBUG 10184 --- [main] c.makotojava.learn.hellospringboot.App   : spring.http.multipart-org.springframework.boot.autoconfigure.web.MultipartProperties
2018-05-04 20:25:23.116 DEBUG 10184 --- [main] c.makotojava.learn.hellospringboot.App   : spring.info-org.springframework.boot.autoconfigure.info.ProjectInfoProperties
2018-05-04 20:25:23.116 DEBUG 10184 --- [main] c.makotojava.learn.hellospringboot.App   : spring.jackson-org.springframework.boot.autoconfigure.jackson.JacksonProperties
2018-05-04 20:25:23.116 DEBUG 10184 --- [main] c.makotojava.learn.hellospringboot.App   : spring.mvc-org.springframework.boot.autoconfigure.web.WebMvcProperties
2018-05-04 20:25:23.116 DEBUG 10184 --- [main] c.makotojava.learn.hellospringboot.App   : spring.resources-org.springframework.boot.autoconfigure.web.ResourceProperties
2018-05-04 20:25:23.116 DEBUG 10184 --- [main] c.makotojava.learn.hellospringboot.App   : standardJacksonObjectMapperBuilderCustomizer
2018-05-04 20:25:23.116 DEBUG 10184 --- [main] c.makotojava.learn.hellospringboot.App   : stringHttpMessageConverter
2018-05-04 20:25:23.116 DEBUG 10184 --- [main] c.makotojava.learn.hellospringboot.App   : viewControllerHandlerMapping
2018-05-04 20:25:23.116 DEBUG 10184 --- [main] c.makotojava.learn.hellospringboot.App   : viewResolver
2018-05-04 20:25:23.116 DEBUG 10184 --- [main] c.makotojava.learn.hellospringboot.App   : websocketContainerCustomizer
2018-05-04 20:25:23.117 DEBUG 10184 --- [main] c.makotojava.learn.hellospringboot.App   : welcomePageHandlerMapping
2018-05-04 20:25:23.118  INFO 10184 --- [main] c.makotojava.learn.hellospringboot.App   : Started App in 3.352 seconds (JVM running for 4.023)
2018-05-04 20:25:30.247  INFO 10184 --- [qtp3548430-17] c.m.learn.hellospringboot.MyAspectJ      : 方法环绕start.....
2018-05-04 20:25:30.248  INFO 10184 --- [qtp3548430-17] c.m.learn.hellospringboot.MyAspectJ      : URL : http://localhost:8080/hello
2018-05-04 20:25:30.248  INFO 10184 --- [qtp3548430-17] c.m.learn.hellospringboot.MyAspectJ      : HTTP_METHOD : GET
2018-05-04 20:25:30.248  INFO 10184 --- [qtp3548430-17] c.m.learn.hellospringboot.MyAspectJ      : IP : 127.0.0.1
2018-05-04 20:25:30.249  INFO 10184 --- [qtp3548430-17] c.m.learn.hellospringboot.MyAspectJ      : CLASS_METHOD : com.makotojava.learn.hellospringboot.HelloRestController.hello
2018-05-04 20:25:30.250  INFO 10184 --- [qtp3548430-17] c.m.learn.hellospringboot.MyAspectJ      : ARGS : []
2018-05-04 20:25:30.256  INFO 10184 --- [qtp3548430-17] c.m.learn.hellospringboot.MyAspectJ      : 方法环绕proceed，结果是 :Hello. All your base are belong to us.spring
2018-05-04 20:25:30.256  INFO 10184 --- [qtp3548430-17] c.m.learn.hellospringboot.MyAspectJ      : 方法最后执行.....
2018-05-04 20:25:30.257  INFO 10184 --- [qtp3548430-17] c.m.learn.hellospringboot.MyAspectJ      : 方法的返回值 : Hello. All your base are belong to us.spring
2018-05-04 20:25:35.268  INFO 10184 --- [qtp3548430-16] c.m.learn.hellospringboot.MyAspectJ      : 方法环绕start.....
2018-05-04 20:25:35.269  INFO 10184 --- [qtp3548430-16] c.m.learn.hellospringboot.MyAspectJ      : URL : http://localhost:8080/hello2
2018-05-04 20:25:35.269  INFO 10184 --- [qtp3548430-16] c.m.learn.hellospringboot.MyAspectJ      : HTTP_METHOD : GET
2018-05-04 20:25:35.269  INFO 10184 --- [qtp3548430-16] c.m.learn.hellospringboot.MyAspectJ      : IP : 0:0:0:0:0:0:0:1
2018-05-04 20:25:35.269  INFO 10184 --- [qtp3548430-16] c.m.learn.hellospringboot.MyAspectJ      : CLASS_METHOD : com.makotojava.learn.hellospringboot.HelloRestController.hello2
2018-05-04 20:25:35.269  INFO 10184 --- [qtp3548430-16] c.m.learn.hellospringboot.MyAspectJ      : ARGS : []
2018-05-04 20:25:35.270  INFO 10184 --- [qtp3548430-16] c.m.learn.hellospringboot.MyAspectJ      : 方法环绕proceed，结果是 :[Bob, Jane, Mary]
2018-05-04 20:25:35.270  INFO 10184 --- [qtp3548430-16] c.m.learn.hellospringboot.MyAspectJ      : 方法最后执行.....
2018-05-04 20:25:35.270  INFO 10184 --- [qtp3548430-16] c.m.learn.hellospringboot.MyAspectJ      : 方法的返回值 : [Bob, Jane, Mary]
2018-05-04 21:28:38.571  INFO 3784 --- [main] c.makotojava.learn.hellospringboot.App   : Starting App on woyoubupang with PID 3784 (started by Liang in C:\Program Files\JavaDevelop\eclipseSpace\HelloSpringBoot)
2018-05-04 21:28:38.571 DEBUG 3784 --- [main] c.makotojava.learn.hellospringboot.App   : Running with Spring Boot v2.0.1.RELEASE, Spring v5.0.5.RELEASE
2018-05-04 21:28:38.571  INFO 3784 --- [main] c.makotojava.learn.hellospringboot.App   : No active profile set, falling back to default profiles: default
2018-05-04 21:28:38.649  INFO 3784 --- [main] ConfigServletWebServerApplicationContext : Refreshing org.springframework.boot.web.servlet.context.AnnotationConfigServletWebServerApplicationContext@1d90b9e: startup date [Fri May 04 21:28:38 CST 2018]; root of context hierarchy
2018-05-04 21:28:40.181  INFO 3784 --- [main] o.s.b.w.embedded.tomcat.TomcatWebServer  : Tomcat initialized with port(s): 8080 (http)
2018-05-04 21:28:40.226  INFO 3784 --- [main] o.apache.catalina.core.StandardService   : Starting service [Tomcat]
2018-05-04 21:28:40.226  INFO 3784 --- [main] org.apache.catalina.core.StandardEngine  : Starting Servlet Engine: Apache Tomcat/8.5.29
2018-05-04 21:28:40.226  INFO 3784 --- [localhost-startStop-1] o.a.catalina.core.AprLifecycleListener   : The APR based Apache Tomcat Native library which allows optimal performance in production environments was not found on the java.library.path: [C:\Program Files (x86)\JavaDevelop\JDK32bit\jdk1.8.0_91\bin;C:\WINDOWS\Sun\Java\bin;C:\WINDOWS\system32;C:\WINDOWS;C:/Program Files/JavaDevelop/Java/jre1.8.0_131/bin/server;C:/Program Files/JavaDevelop/Java/jre1.8.0_131/bin;C:/Program Files/JavaDevelop/Java/jre1.8.0_131/lib/amd64;C:\ProgramData\Oracle\Java\javapath;C:\WINDOWS\system32;C:\WINDOWS;C:\WINDOWS\System32\Wbem;C:\WINDOWS\System32\WindowsPowerShell\v1.0\;C:\Program Files (x86)\JavaDevelop\JDK32bit\jdk1.8.0_91\bin;C:\Program Files\JavaDevelop\apache-maven-3.5.3\bin;D:\LabProject\云平台\putty\;C:;Program Files (x86)\Windows Kits\8.1\Windows Performance Toolkit\;C:\Program Files\JavaDevelop\VisualSVN Server\bin;C:\Program Files\JavaDevelop\TortoiseSVN\bin;C:\Program Files\JavaDevelop\Git\cmd;C:\Program Files\JavaDevelop\Python\Scripts\;C:\Program Files\JavaDevelop\Python\;C:\Users\我又不胖\AppData\Local\Microsoft\WindowsApps;;C:\Program Files\JavaDevelop\eclipse\jee-oxygen\eclipse;;.]
2018-05-04 21:28:40.351  INFO 3784 --- [localhost-startStop-1] o.a.c.c.C.[Tomcat].[localhost].[/]       : Initializing Spring embedded WebApplicationContext
2018-05-04 21:28:40.351  INFO 3784 --- [localhost-startStop-1] o.s.web.context.ContextLoader            : Root WebApplicationContext: initialization completed in 1702 ms
2018-05-04 21:28:40.492  INFO 3784 --- [localhost-startStop-1] o.s.b.w.servlet.ServletRegistrationBean  : Servlet dispatcherServlet mapped to [/]
2018-05-04 21:28:40.492  INFO 3784 --- [localhost-startStop-1] o.s.b.w.servlet.FilterRegistrationBean   : Mapping filter: 'characterEncodingFilter' to: [/*]
2018-05-04 21:28:40.492  INFO 3784 --- [localhost-startStop-1] o.s.b.w.servlet.FilterRegistrationBean   : Mapping filter: 'hiddenHttpMethodFilter' to: [/*]
2018-05-04 21:28:40.492  INFO 3784 --- [localhost-startStop-1] o.s.b.w.servlet.FilterRegistrationBean   : Mapping filter: 'httpPutFormContentFilter' to: [/*]
2018-05-04 21:28:40.492  INFO 3784 --- [localhost-startStop-1] o.s.b.w.servlet.FilterRegistrationBean   : Mapping filter: 'requestContextFilter' to: [/*]
2018-05-04 21:28:40.726  INFO 3784 --- [main] o.s.w.s.handler.SimpleUrlHandlerMapping  : Mapped URL path [/**/favicon.ico] onto handler of type [class org.springframework.web.servlet.resource.ResourceHttpRequestHandler]
2018-05-04 21:28:40.930  INFO 3784 --- [main] s.w.s.m.m.a.RequestMappingHandlerAdapter : Looking for @ControllerAdvice: org.springframework.boot.web.servlet.context.AnnotationConfigServletWebServerApplicationContext@1d90b9e: startup date [Fri May 04 21:28:38 CST 2018]; root of context hierarchy
2018-05-04 21:28:41.008  INFO 3784 --- [main] s.w.s.m.m.a.RequestMappingHandlerMapping : Mapped "{[/hello2]}" onto public java.util.Set<java.lang.String> com.makotojava.learn.hellospringboot.HelloRestController.hello2()
2018-05-04 21:28:41.008  INFO 3784 --- [main] s.w.s.m.m.a.RequestMappingHandlerMapping : Mapped "{[/hello]}" onto public java.lang.String com.makotojava.learn.hellospringboot.HelloRestController.hello()
2018-05-04 21:28:41.023  INFO 3784 --- [main] s.w.s.m.m.a.RequestMappingHandlerMapping : Mapped "{[/error]}" onto public org.springframework.http.ResponseEntity<java.util.Map<java.lang.String, java.lang.Object>> org.springframework.boot.autoconfigure.web.servlet.error.BasicErrorController.error(javax.servlet.http.HttpServletRequest)
2018-05-04 21:28:41.023  INFO 3784 --- [main] s.w.s.m.m.a.RequestMappingHandlerMapping : Mapped "{[/error],produces=[text/html]}" onto public org.springframework.web.servlet.ModelAndView org.springframework.boot.autoconfigure.web.servlet.error.BasicErrorController.errorHtml(javax.servlet.http.HttpServletRequest,javax.servlet.http.HttpServletResponse)
2018-05-04 21:28:41.055  INFO 3784 --- [main] o.s.w.s.handler.SimpleUrlHandlerMapping  : Mapped URL path [/webjars/**] onto handler of type [class org.springframework.web.servlet.resource.ResourceHttpRequestHandler]
2018-05-04 21:28:41.055  INFO 3784 --- [main] o.s.w.s.handler.SimpleUrlHandlerMapping  : Mapped URL path [/**] onto handler of type [class org.springframework.web.servlet.resource.ResourceHttpRequestHandler]
2018-05-04 21:28:41.226  INFO 3784 --- [main] o.s.j.e.a.AnnotationMBeanExporter        : Registering beans for JMX exposure on startup
2018-05-04 21:28:41.277  INFO 3784 --- [main] o.s.b.w.embedded.tomcat.TomcatWebServer  : Tomcat started on port(s): 8080 (http) with context path ''
2018-05-04 21:28:41.277  INFO 3784 --- [main] c.makotojava.learn.hellospringboot.App   : Started App in 3.175 seconds (JVM running for 3.927)
2018-05-04 21:28:41.277 DEBUG 3784 --- [main] c.makotojava.learn.hellospringboot.App   : Let's inspect the beans provided by Spring Boot:
2018-05-04 21:28:41.277 DEBUG 3784 --- [main] c.makotojava.learn.hellospringboot.App   : app
2018-05-04 21:28:41.277 DEBUG 3784 --- [main] c.makotojava.learn.hellospringboot.App   : basicErrorController
2018-05-04 21:28:41.277 DEBUG 3784 --- [main] c.makotojava.learn.hellospringboot.App   : beanNameHandlerMapping
2018-05-04 21:28:41.277 DEBUG 3784 --- [main] c.makotojava.learn.hellospringboot.App   : beanNameViewResolver
2018-05-04 21:28:41.277 DEBUG 3784 --- [main] c.makotojava.learn.hellospringboot.App   : characterEncodingFilter
2018-05-04 21:28:41.277 DEBUG 3784 --- [main] c.makotojava.learn.hellospringboot.App   : commandLineRunner
2018-05-04 21:28:41.277 DEBUG 3784 --- [main] c.makotojava.learn.hellospringboot.App   : conventionErrorViewResolver
2018-05-04 21:28:41.277 DEBUG 3784 --- [main] c.makotojava.learn.hellospringboot.App   : defaultServletHandlerMapping
2018-05-04 21:28:41.277 DEBUG 3784 --- [main] c.makotojava.learn.hellospringboot.App   : defaultValidator
2018-05-04 21:28:41.277 DEBUG 3784 --- [main] c.makotojava.learn.hellospringboot.App   : defaultViewResolver
2018-05-04 21:28:41.277 DEBUG 3784 --- [main] c.makotojava.learn.hellospringboot.App   : dispatcherServlet
2018-05-04 21:28:41.277 DEBUG 3784 --- [main] c.makotojava.learn.hellospringboot.App   : dispatcherServletRegistration
2018-05-04 21:28:41.277 DEBUG 3784 --- [main] c.makotojava.learn.hellospringboot.App   : error
2018-05-04 21:28:41.277 DEBUG 3784 --- [main] c.makotojava.learn.hellospringboot.App   : errorAttributes
2018-05-04 21:28:41.277 DEBUG 3784 --- [main] c.makotojava.learn.hellospringboot.App   : errorPageCustomizer
2018-05-04 21:28:41.277 DEBUG 3784 --- [main] c.makotojava.learn.hellospringboot.App   : errorPageRegistrarBeanPostProcessor
2018-05-04 21:28:41.277 DEBUG 3784 --- [main] c.makotojava.learn.hellospringboot.App   : faviconHandlerMapping
2018-05-04 21:28:41.277 DEBUG 3784 --- [main] c.makotojava.learn.hellospringboot.App   : faviconRequestHandler
2018-05-04 21:28:41.277 DEBUG 3784 --- [main] c.makotojava.learn.hellospringboot.App   : handlerExceptionResolver
2018-05-04 21:28:41.277 DEBUG 3784 --- [main] c.makotojava.learn.hellospringboot.App   : helloRestController
2018-05-04 21:28:41.277 DEBUG 3784 --- [main] c.makotojava.learn.hellospringboot.App   : hiddenHttpMethodFilter
2018-05-04 21:28:41.277 DEBUG 3784 --- [main] c.makotojava.learn.hellospringboot.App   : httpPutFormContentFilter
2018-05-04 21:28:41.277 DEBUG 3784 --- [main] c.makotojava.learn.hellospringboot.App   : httpRequestHandlerAdapter
2018-05-04 21:28:41.277 DEBUG 3784 --- [main] c.makotojava.learn.hellospringboot.App   : jacksonCodecCustomizer
2018-05-04 21:28:41.277 DEBUG 3784 --- [main] c.makotojava.learn.hellospringboot.App   : jacksonObjectMapper
2018-05-04 21:28:41.277 DEBUG 3784 --- [main] c.makotojava.learn.hellospringboot.App   : jacksonObjectMapperBuilder
2018-05-04 21:28:41.277 DEBUG 3784 --- [main] c.makotojava.learn.hellospringboot.App   : jsonComponentModule
2018-05-04 21:28:41.277 DEBUG 3784 --- [main] c.makotojava.learn.hellospringboot.App   : localeCharsetMappingsCustomizer
2018-05-04 21:28:41.277 DEBUG 3784 --- [main] c.makotojava.learn.hellospringboot.App   : mappingJackson2HttpMessageConverter
2018-05-04 21:28:41.277 DEBUG 3784 --- [main] c.makotojava.learn.hellospringboot.App   : mbeanExporter
2018-05-04 21:28:41.277 DEBUG 3784 --- [main] c.makotojava.learn.hellospringboot.App   : mbeanServer
2018-05-04 21:28:41.277 DEBUG 3784 --- [main] c.makotojava.learn.hellospringboot.App   : messageConverters
2018-05-04 21:28:41.277 DEBUG 3784 --- [main] c.makotojava.learn.hellospringboot.App   : methodValidationPostProcessor
2018-05-04 21:28:41.277 DEBUG 3784 --- [main] c.makotojava.learn.hellospringboot.App   : multipartConfigElement
2018-05-04 21:28:41.277 DEBUG 3784 --- [main] c.makotojava.learn.hellospringboot.App   : multipartResolver
2018-05-04 21:28:41.277 DEBUG 3784 --- [main] c.makotojava.learn.hellospringboot.App   : mvcContentNegotiationManager
2018-05-04 21:28:41.277 DEBUG 3784 --- [main] c.makotojava.learn.hellospringboot.App   : mvcConversionService
2018-05-04 21:28:41.277 DEBUG 3784 --- [main] c.makotojava.learn.hellospringboot.App   : mvcHandlerMappingIntrospector
2018-05-04 21:28:41.277 DEBUG 3784 --- [main] c.makotojava.learn.hellospringboot.App   : mvcPathMatcher
2018-05-04 21:28:41.277 DEBUG 3784 --- [main] c.makotojava.learn.hellospringboot.App   : mvcResourceUrlProvider
2018-05-04 21:28:41.277 DEBUG 3784 --- [main] c.makotojava.learn.hellospringboot.App   : mvcUriComponentsContributor
2018-05-04 21:28:41.277 DEBUG 3784 --- [main] c.makotojava.learn.hellospringboot.App   : mvcUrlPathHelper
2018-05-04 21:28:41.277 DEBUG 3784 --- [main] c.makotojava.learn.hellospringboot.App   : mvcValidator
2018-05-04 21:28:41.277 DEBUG 3784 --- [main] c.makotojava.learn.hellospringboot.App   : mvcViewResolver
2018-05-04 21:28:41.277 DEBUG 3784 --- [main] c.makotojava.learn.hellospringboot.App   : myAspectJ
2018-05-04 21:28:41.277 DEBUG 3784 --- [main] c.makotojava.learn.hellospringboot.App   : objectNamingStrategy
2018-05-04 21:28:41.277 DEBUG 3784 --- [main] c.makotojava.learn.hellospringboot.App   : org.springframework.aop.config.internalAutoProxyCreator
2018-05-04 21:28:41.277 DEBUG 3784 --- [main] c.makotojava.learn.hellospringboot.App   : org.springframework.boot.autoconfigure.AutoConfigurationPackages
2018-05-04 21:28:41.277 DEBUG 3784 --- [main] c.makotojava.learn.hellospringboot.App   : org.springframework.boot.autoconfigure.aop.AopAutoConfiguration
2018-05-04 21:28:41.277 DEBUG 3784 --- [main] c.makotojava.learn.hellospringboot.App   : org.springframework.boot.autoconfigure.aop.AopAutoConfiguration$CglibAutoProxyConfiguration
2018-05-04 21:28:41.277 DEBUG 3784 --- [main] c.makotojava.learn.hellospringboot.App   : org.springframework.boot.autoconfigure.condition.BeanTypeRegistry
2018-05-04 21:28:41.277 DEBUG 3784 --- [main] c.makotojava.learn.hellospringboot.App   : org.springframework.boot.autoconfigure.context.ConfigurationPropertiesAutoConfiguration
2018-05-04 21:28:41.277 DEBUG 3784 --- [main] c.makotojava.learn.hellospringboot.App   : org.springframework.boot.autoconfigure.context.PropertyPlaceholderAutoConfiguration
2018-05-04 21:28:41.277 DEBUG 3784 --- [main] c.makotojava.learn.hellospringboot.App   : org.springframework.boot.autoconfigure.http.HttpMessageConvertersAutoConfiguration
2018-05-04 21:28:41.277 DEBUG 3784 --- [main] c.makotojava.learn.hellospringboot.App   : org.springframework.boot.autoconfigure.http.HttpMessageConvertersAutoConfiguration$StringHttpMessageConverterConfiguration
2018-05-04 21:28:41.277 DEBUG 3784 --- [main] c.makotojava.learn.hellospringboot.App   : org.springframework.boot.autoconfigure.http.JacksonHttpMessageConvertersConfiguration
2018-05-04 21:28:41.277 DEBUG 3784 --- [main] c.makotojava.learn.hellospringboot.App   : org.springframework.boot.autoconfigure.http.JacksonHttpMessageConvertersConfiguration$MappingJackson2HttpMessageConverterConfiguration
2018-05-04 21:28:41.277 DEBUG 3784 --- [main] c.makotojava.learn.hellospringboot.App   : org.springframework.boot.autoconfigure.http.codec.CodecsAutoConfiguration
2018-05-04 21:28:41.277 DEBUG 3784 --- [main] c.makotojava.learn.hellospringboot.App   : org.springframework.boot.autoconfigure.http.codec.CodecsAutoConfiguration$JacksonCodecConfiguration
2018-05-04 21:28:41.277 DEBUG 3784 --- [main] c.makotojava.learn.hellospringboot.App   : org.springframework.boot.autoconfigure.info.ProjectInfoAutoConfiguration
2018-05-04 21:28:41.277 DEBUG 3784 --- [main] c.makotojava.learn.hellospringboot.App   : org.springframework.boot.autoconfigure.internalCachingMetadataReaderFactory
2018-05-04 21:28:41.277 DEBUG 3784 --- [main] c.makotojava.learn.hellospringboot.App   : org.springframework.boot.autoconfigure.jackson.JacksonAutoConfiguration
2018-05-04 21:28:41.277 DEBUG 3784 --- [main] c.makotojava.learn.hellospringboot.App   : org.springframework.boot.autoconfigure.jackson.JacksonAutoConfiguration$Jackson2ObjectMapperBuilderCustomizerConfiguration
2018-05-04 21:28:41.277 DEBUG 3784 --- [main] c.makotojava.learn.hellospringboot.App   : org.springframework.boot.autoconfigure.jackson.JacksonAutoConfiguration$JacksonObjectMapperBuilderConfiguration
2018-05-04 21:28:41.277 DEBUG 3784 --- [main] c.makotojava.learn.hellospringboot.App   : org.springframework.boot.autoconfigure.jackson.JacksonAutoConfiguration$JacksonObjectMapperConfiguration
2018-05-04 21:28:41.277 DEBUG 3784 --- [main] c.makotojava.learn.hellospringboot.App   : org.springframework.boot.autoconfigure.jackson.JacksonAutoConfiguration$ParameterNamesModuleConfiguration
2018-05-04 21:28:41.277 DEBUG 3784 --- [main] c.makotojava.learn.hellospringboot.App   : org.springframework.boot.autoconfigure.jmx.JmxAutoConfiguration
2018-05-04 21:28:41.277 DEBUG 3784 --- [main] c.makotojava.learn.hellospringboot.App   : org.springframework.boot.autoconfigure.security.reactive.ReactiveSecurityAutoConfiguration
2018-05-04 21:28:41.277 DEBUG 3784 --- [main] c.makotojava.learn.hellospringboot.App   : org.springframework.boot.autoconfigure.validation.ValidationAutoConfiguration
2018-05-04 21:28:41.277 DEBUG 3784 --- [main] c.makotojava.learn.hellospringboot.App   : org.springframework.boot.autoconfigure.web.client.RestTemplateAutoConfiguration
2018-05-04 21:28:41.277 DEBUG 3784 --- [main] c.makotojava.learn.hellospringboot.App   : org.springframework.boot.autoconfigure.web.embedded.EmbeddedWebServerFactoryCustomizerAutoConfiguration
2018-05-04 21:28:41.277 DEBUG 3784 --- [main] c.makotojava.learn.hellospringboot.App   : org.springframework.boot.autoconfigure.web.embedded.EmbeddedWebServerFactoryCustomizerAutoConfiguration$TomcatWebServerFactoryCustomizerConfiguration
2018-05-04 21:28:41.277 DEBUG 3784 --- [main] c.makotojava.learn.hellospringboot.App   : org.springframework.boot.autoconfigure.web.servlet.DispatcherServletAutoConfiguration
2018-05-04 21:28:41.277 DEBUG 3784 --- [main] c.makotojava.learn.hellospringboot.App   : org.springframework.boot.autoconfigure.web.servlet.DispatcherServletAutoConfiguration$DispatcherServletConfiguration
2018-05-04 21:28:41.277 DEBUG 3784 --- [main] c.makotojava.learn.hellospringboot.App   : org.springframework.boot.autoconfigure.web.servlet.DispatcherServletAutoConfiguration$DispatcherServletRegistrationConfiguration
2018-05-04 21:28:41.277 DEBUG 3784 --- [main] c.makotojava.learn.hellospringboot.App   : org.springframework.boot.autoconfigure.web.servlet.HttpEncodingAutoConfiguration
2018-05-04 21:28:41.277 DEBUG 3784 --- [main] c.makotojava.learn.hellospringboot.App   : org.springframework.boot.autoconfigure.web.servlet.MultipartAutoConfiguration
2018-05-04 21:28:41.277 DEBUG 3784 --- [main] c.makotojava.learn.hellospringboot.App   : org.springframework.boot.autoconfigure.web.servlet.ServletWebServerFactoryAutoConfiguration
2018-05-04 21:28:41.277 DEBUG 3784 --- [main] c.makotojava.learn.hellospringboot.App   : org.springframework.boot.autoconfigure.web.servlet.ServletWebServerFactoryConfiguration$EmbeddedTomcat
2018-05-04 21:28:41.277 DEBUG 3784 --- [main] c.makotojava.learn.hellospringboot.App   : org.springframework.boot.autoconfigure.web.servlet.WebMvcAutoConfiguration
2018-05-04 21:28:41.277 DEBUG 3784 --- [main] c.makotojava.learn.hellospringboot.App   : org.springframework.boot.autoconfigure.web.servlet.WebMvcAutoConfiguration$EnableWebMvcConfiguration
2018-05-04 21:28:41.277 DEBUG 3784 --- [main] c.makotojava.learn.hellospringboot.App   : org.springframework.boot.autoconfigure.web.servlet.WebMvcAutoConfiguration$WebMvcAutoConfigurationAdapter
2018-05-04 21:28:41.277 DEBUG 3784 --- [main] c.makotojava.learn.hellospringboot.App   : org.springframework.boot.autoconfigure.web.servlet.WebMvcAutoConfiguration$WebMvcAutoConfigurationAdapter$FaviconConfiguration
2018-05-04 21:28:41.277 DEBUG 3784 --- [main] c.makotojava.learn.hellospringboot.App   : org.springframework.boot.autoconfigure.web.servlet.error.ErrorMvcAutoConfiguration
2018-05-04 21:28:41.277 DEBUG 3784 --- [main] c.makotojava.learn.hellospringboot.App   : org.springframework.boot.autoconfigure.web.servlet.error.ErrorMvcAutoConfiguration$DefaultErrorViewResolverConfiguration
2018-05-04 21:28:41.277 DEBUG 3784 --- [main] c.makotojava.learn.hellospringboot.App   : org.springframework.boot.autoconfigure.web.servlet.error.ErrorMvcAutoConfiguration$WhitelabelErrorViewConfiguration
2018-05-04 21:28:41.277 DEBUG 3784 --- [main] c.makotojava.learn.hellospringboot.App   : org.springframework.boot.autoconfigure.websocket.servlet.WebSocketServletAutoConfiguration
2018-05-04 21:28:41.277 DEBUG 3784 --- [main] c.makotojava.learn.hellospringboot.App   : org.springframework.boot.autoconfigure.websocket.servlet.WebSocketServletAutoConfiguration$TomcatWebSocketConfiguration
2018-05-04 21:28:41.277 DEBUG 3784 --- [main] c.makotojava.learn.hellospringboot.App   : org.springframework.boot.context.properties.ConfigurationBeanFactoryMetadata
2018-05-04 21:28:41.277 DEBUG 3784 --- [main] c.makotojava.learn.hellospringboot.App   : org.springframework.boot.context.properties.ConfigurationPropertiesBindingPostProcessor
2018-05-04 21:28:41.277 DEBUG 3784 --- [main] c.makotojava.learn.hellospringboot.App   : org.springframework.context.annotation.internalAutowiredAnnotationProcessor
2018-05-04 21:28:41.277 DEBUG 3784 --- [main] c.makotojava.learn.hellospringboot.App   : org.springframework.context.annotation.internalCommonAnnotationProcessor
2018-05-04 21:28:41.277 DEBUG 3784 --- [main] c.makotojava.learn.hellospringboot.App   : org.springframework.context.annotation.internalConfigurationAnnotationProcessor
2018-05-04 21:28:41.277 DEBUG 3784 --- [main] c.makotojava.learn.hellospringboot.App   : org.springframework.context.annotation.internalRequiredAnnotationProcessor
2018-05-04 21:28:41.293 DEBUG 3784 --- [main] c.makotojava.learn.hellospringboot.App   : org.springframework.context.event.internalEventListenerFactory
2018-05-04 21:28:41.293 DEBUG 3784 --- [main] c.makotojava.learn.hellospringboot.App   : org.springframework.context.event.internalEventListenerProcessor
2018-05-04 21:28:41.293 DEBUG 3784 --- [main] c.makotojava.learn.hellospringboot.App   : parameterNamesModule
2018-05-04 21:28:41.293 DEBUG 3784 --- [main] c.makotojava.learn.hellospringboot.App   : preserveErrorControllerTargetClassPostProcessor
2018-05-04 21:28:41.293 DEBUG 3784 --- [main] c.makotojava.learn.hellospringboot.App   : propertySourcesPlaceholderConfigurer
2018-05-04 21:28:41.293 DEBUG 3784 --- [main] c.makotojava.learn.hellospringboot.App   : requestContextFilter
2018-05-04 21:28:41.293 DEBUG 3784 --- [main] c.makotojava.learn.hellospringboot.App   : requestMappingHandlerAdapter
2018-05-04 21:28:41.293 DEBUG 3784 --- [main] c.makotojava.learn.hellospringboot.App   : requestMappingHandlerMapping
2018-05-04 21:28:41.293 DEBUG 3784 --- [main] c.makotojava.learn.hellospringboot.App   : resourceHandlerMapping
2018-05-04 21:28:41.293 DEBUG 3784 --- [main] c.makotojava.learn.hellospringboot.App   : restTemplateBuilder
2018-05-04 21:28:41.293 DEBUG 3784 --- [main] c.makotojava.learn.hellospringboot.App   : server-org.springframework.boot.autoconfigure.web.ServerProperties
2018-05-04 21:28:41.293 DEBUG 3784 --- [main] c.makotojava.learn.hellospringboot.App   : servletWebServerFactoryCustomizer
2018-05-04 21:28:41.293 DEBUG 3784 --- [main] c.makotojava.learn.hellospringboot.App   : simpleControllerHandlerAdapter
2018-05-04 21:28:41.293 DEBUG 3784 --- [main] c.makotojava.learn.hellospringboot.App   : spring.http.encoding-org.springframework.boot.autoconfigure.http.HttpEncodingProperties
2018-05-04 21:28:41.293 DEBUG 3784 --- [main] c.makotojava.learn.hellospringboot.App   : spring.info-org.springframework.boot.autoconfigure.info.ProjectInfoProperties
2018-05-04 21:28:41.293 DEBUG 3784 --- [main] c.makotojava.learn.hellospringboot.App   : spring.jackson-org.springframework.boot.autoconfigure.jackson.JacksonProperties
2018-05-04 21:28:41.293 DEBUG 3784 --- [main] c.makotojava.learn.hellospringboot.App   : spring.mvc-org.springframework.boot.autoconfigure.web.servlet.WebMvcProperties
2018-05-04 21:28:41.293 DEBUG 3784 --- [main] c.makotojava.learn.hellospringboot.App   : spring.resources-org.springframework.boot.autoconfigure.web.ResourceProperties
2018-05-04 21:28:41.293 DEBUG 3784 --- [main] c.makotojava.learn.hellospringboot.App   : spring.security-org.springframework.boot.autoconfigure.security.SecurityProperties
2018-05-04 21:28:41.293 DEBUG 3784 --- [main] c.makotojava.learn.hellospringboot.App   : spring.servlet.multipart-org.springframework.boot.autoconfigure.web.servlet.MultipartProperties
2018-05-04 21:28:41.293 DEBUG 3784 --- [main] c.makotojava.learn.hellospringboot.App   : standardJacksonObjectMapperBuilderCustomizer
2018-05-04 21:28:41.293 DEBUG 3784 --- [main] c.makotojava.learn.hellospringboot.App   : stringHttpMessageConverter
2018-05-04 21:28:41.293 DEBUG 3784 --- [main] c.makotojava.learn.hellospringboot.App   : tomcatServletWebServerFactory
2018-05-04 21:28:41.293 DEBUG 3784 --- [main] c.makotojava.learn.hellospringboot.App   : tomcatServletWebServerFactoryCustomizer
2018-05-04 21:28:41.293 DEBUG 3784 --- [main] c.makotojava.learn.hellospringboot.App   : tomcatWebServerFactoryCustomizer
2018-05-04 21:28:41.293 DEBUG 3784 --- [main] c.makotojava.learn.hellospringboot.App   : viewControllerHandlerMapping
2018-05-04 21:28:41.293 DEBUG 3784 --- [main] c.makotojava.learn.hellospringboot.App   : viewResolver
2018-05-04 21:28:41.293 DEBUG 3784 --- [main] c.makotojava.learn.hellospringboot.App   : webServerFactoryCustomizerBeanPostProcessor
2018-05-04 21:28:41.293 DEBUG 3784 --- [main] c.makotojava.learn.hellospringboot.App   : websocketContainerCustomizer
2018-05-04 21:28:41.293 DEBUG 3784 --- [main] c.makotojava.learn.hellospringboot.App   : welcomePageHandlerMapping
2018-05-04 21:29:09.341  INFO 3784 --- [http-nio-8080-exec-1] o.a.c.c.C.[Tomcat].[localhost].[/]       : Initializing Spring FrameworkServlet 'dispatcherServlet'
2018-05-04 21:29:09.346  INFO 3784 --- [http-nio-8080-exec-1] o.s.web.servlet.DispatcherServlet        : FrameworkServlet 'dispatcherServlet': initialization started
2018-05-04 21:29:09.364  INFO 3784 --- [http-nio-8080-exec-1] o.s.web.servlet.DispatcherServlet        : FrameworkServlet 'dispatcherServlet': initialization completed in 18 ms
2018-05-04 21:29:09.395  INFO 3784 --- [http-nio-8080-exec-1] c.m.learn.hellospringboot.MyAspectJ      : 方法环绕start.....
2018-05-04 21:29:09.395  INFO 3784 --- [http-nio-8080-exec-1] c.m.learn.hellospringboot.MyAspectJ      : URL : http://localhost:8080/hello
2018-05-04 21:29:09.395  INFO 3784 --- [http-nio-8080-exec-1] c.m.learn.hellospringboot.MyAspectJ      : HTTP_METHOD : GET
2018-05-04 21:29:09.395  INFO 3784 --- [http-nio-8080-exec-1] c.m.learn.hellospringboot.MyAspectJ      : IP : 127.0.0.1
2018-05-04 21:29:09.395  INFO 3784 --- [http-nio-8080-exec-1] c.m.learn.hellospringboot.MyAspectJ      : CLASS_METHOD : com.makotojava.learn.hellospringboot.HelloRestController.hello
2018-05-04 21:29:09.395  INFO 3784 --- [http-nio-8080-exec-1] c.m.learn.hellospringboot.MyAspectJ      : ARGS : []
2018-05-04 21:29:09.411  INFO 3784 --- [http-nio-8080-exec-1] c.m.learn.hellospringboot.MyAspectJ      : 方法环绕proceed，结果是 :Hello. All your base are belong to us.spring
2018-05-04 21:29:09.411  INFO 3784 --- [http-nio-8080-exec-1] c.m.learn.hellospringboot.MyAspectJ      : 方法最后执行.....
2018-05-04 21:29:09.411  INFO 3784 --- [http-nio-8080-exec-1] c.m.learn.hellospringboot.MyAspectJ      : 方法的返回值 : Hello. All your base are belong to us.spring
2018-05-04 21:29:13.223  INFO 3784 --- [http-nio-8080-exec-3] c.m.learn.hellospringboot.MyAspectJ      : 方法环绕start.....
2018-05-04 21:29:13.230  INFO 3784 --- [http-nio-8080-exec-3] c.m.learn.hellospringboot.MyAspectJ      : URL : http://localhost:8080/hello2
2018-05-04 21:29:13.230  INFO 3784 --- [http-nio-8080-exec-3] c.m.learn.hellospringboot.MyAspectJ      : HTTP_METHOD : GET
2018-05-04 21:29:13.230  INFO 3784 --- [http-nio-8080-exec-3] c.m.learn.hellospringboot.MyAspectJ      : IP : 0:0:0:0:0:0:0:1
2018-05-04 21:29:13.230  INFO 3784 --- [http-nio-8080-exec-3] c.m.learn.hellospringboot.MyAspectJ      : CLASS_METHOD : com.makotojava.learn.hellospringboot.HelloRestController.hello2
2018-05-04 21:29:13.230  INFO 3784 --- [http-nio-8080-exec-3] c.m.learn.hellospringboot.MyAspectJ      : ARGS : []
2018-05-04 21:29:13.230  INFO 3784 --- [http-nio-8080-exec-3] c.m.learn.hellospringboot.MyAspectJ      : 方法环绕proceed，结果是 :[Bob, Jane, Mary]
2018-05-04 21:29:13.230  INFO 3784 --- [http-nio-8080-exec-3] c.m.learn.hellospringboot.MyAspectJ      : 方法最后执行.....
2018-05-04 21:29:13.230  INFO 3784 --- [http-nio-8080-exec-3] c.m.learn.hellospringboot.MyAspectJ      : 方法的返回值 : [Bob, Jane, Mary]
